============================= test session starts ==============================
platform win32 -- Python 3.12.4, pytest-8.3.2, pluggy-1.5.0
rootdir: D:\proj
collected 4 items

tests/test_math.py ..F.                                                     [100%]

=================================== FAILURES ===================================
______________________________ test_divides ______________________________

    def test_divides():
>       assert divide(6, 2) == 4
E       AssertionError: assert 3 == 4

tests/test_math.py:13: AssertionError
=========================== short test summary info ============================
FAILED tests/test_math.py::test_divides - AssertionError: assert 3 == 4
========================= 1 failed, 3 passed in 0.42s ==========================
